<?xml version="1.0" encoding="UTF-8"?>
<!-- Generated by org.testng.reporters.JUnitXMLReporter -->
<testsuite hostname="LAPTOP-P21V2V2M" ignored="0" name="Test" tests="4" failures="0" timestamp="28 Nov 2018 01:16:35 GMT" time="9.231" errors="0">
  <testcase name="navigateToWeb" time="3.281" classname="WebTesting.WebTestCases"/>
  <testcase name="validateUsersTableDisplayed" time="0.168" classname="WebTesting.WebTestCases"/>
  <testcase name="showAddScreen" time="0.0" classname="WebTesting.WebTestCases"/>
  <testcase name="addUsers" time="0.0" classname="WebTesting.WebTestCases"/>
</testsuite> <!-- Test -->
